  1945shoot.c
  타이틀.c
C:\Users\zaqxs\source\repos\1945슈팅게임\1945슈팅게임\1945shoot.c(19,1): error C2015: 상수에 문자가 너무 많습니다.
C:\Users\zaqxs\source\repos\1945슈팅게임\1945슈팅게임\1945shoot.c(19,1): error C2143: 구문 오류: ';'이(가) '상수' 앞에 없습니다.
C:\Users\zaqxs\source\repos\1945슈팅게임\1945슈팅게임\1945shoot.c(20,1): error C2146: 구문 오류: ';'이(가) 'SetColor' 식별자 앞에 없습니다.
C:\Users\zaqxs\source\repos\1945슈팅게임\1945슈팅게임\1945shoot.c(21,1): error C2146: 구문 오류: ';'이(가) 'SetConsoleSize' 식별자 앞에 없습니다.
C:\Users\zaqxs\source\repos\1945슈팅게임\1945슈팅게임\1945shoot.c(20,1): warning C4550: 식이 인수 목록이 없는 함수로 계산됩니다.
C:\Users\zaqxs\source\repos\1945슈팅게임\1945슈팅게임\1945shoot.c(29,15): error C2065: 'ture': 선언되지 않은 식별자입니다.
C:\Users\zaqxs\source\repos\1945슈팅게임\1945슈팅게임\1945shoot.c(37,8): error C2065: 'MAX': 선언되지 않은 식별자입니다.
C:\Users\zaqxs\source\repos\1945슈팅게임\1945슈팅게임\1945shoot.c(37,8): error C2057: 상수 식이 필요합니다.
C:\Users\zaqxs\source\repos\1945슈팅게임\1945슈팅게임\1945shoot.c(37,8): error C2466: 상수 크기 0의 배열을 할당할 수 없습니다.
C:\Users\zaqxs\source\repos\1945슈팅게임\1945슈팅게임\1945shoot.c(38,8): error C2065: 'MAX': 선언되지 않은 식별자입니다.
C:\Users\zaqxs\source\repos\1945슈팅게임\1945슈팅게임\1945shoot.c(38,8): error C2057: 상수 식이 필요합니다.
C:\Users\zaqxs\source\repos\1945슈팅게임\1945슈팅게임\1945shoot.c(38,8): error C2466: 상수 크기 0의 배열을 할당할 수 없습니다.
C:\Users\zaqxs\source\repos\1945슈팅게임\1945슈팅게임\1945shoot.c(39,12): error C2065: 'MAX': 선언되지 않은 식별자입니다.
C:\Users\zaqxs\source\repos\1945슈팅게임\1945슈팅게임\1945shoot.c(39,12): error C2057: 상수 식이 필요합니다.
C:\Users\zaqxs\source\repos\1945슈팅게임\1945슈팅게임\1945shoot.c(39,12): error C2466: 상수 크기 0의 배열을 할당할 수 없습니다.
C:\Users\zaqxs\source\repos\1945슈팅게임\1945슈팅게임\1945shoot.c(39,21): error C2065: 'ture': 선언되지 않은 식별자입니다.
C:\Users\zaqxs\source\repos\1945슈팅게임\1945슈팅게임\1945shoot.c(40,7): warning C4244: '함수': 'time_t'에서 'unsigned int'(으)로 변환하면서 데이터가 손실될 수 있습니다.
C:\Users\zaqxs\source\repos\1945슈팅게임\1945슈팅게임\1945shoot.c(64,22): error C2065: 'MAX': 선언되지 않은 식별자입니다.
C:\Users\zaqxs\source\repos\1945슈팅게임\1945슈팅게임\1945shoot.c(130,24): error C2065: 'MAX': 선언되지 않은 식별자입니다.
C:\Users\zaqxs\source\repos\1945슈팅게임\1945슈팅게임\1945shoot.c(134,15): error C2065: 'BG': 선언되지 않은 식별자입니다.
C:\Users\zaqxs\source\repos\1945슈팅게임\1945슈팅게임\1945shoot.c(136,13): warning C4566: 유니버설 문자 이름 '\U0001F6F0'(으)로 표현되는 문자는 현재 코드 페이지(949)에서 표현할 수 없습니다.
C:\Users\zaqxs\source\repos\1945슈팅게임\1945슈팅게임\1945shoot.c(136,13): warning C4566: 유니버설 문자 이름 '\uFE0F'(으)로 표현되는 문자는 현재 코드 페이지(949)에서 표현할 수 없습니다.
C:\Users\zaqxs\source\repos\1945슈팅게임\1945슈팅게임\1945shoot.c(165,15): error C2065: 'BG': 선언되지 않은 식별자입니다.
C:\Users\zaqxs\source\repos\1945슈팅게임\1945슈팅게임\1945shoot.c(167,13): warning C4566: 유니버설 문자 이름 '\U0001F6E9'(으)로 표현되는 문자는 현재 코드 페이지(949)에서 표현할 수 없습니다.
C:\Users\zaqxs\source\repos\1945슈팅게임\1945슈팅게임\1945shoot.c(167,13): warning C4566: 유니버설 문자 이름 '\uFE0F'(으)로 표현되는 문자는 현재 코드 페이지(949)에서 표현할 수 없습니다.
C:\Users\zaqxs\source\repos\1945슈팅게임\1945슈팅게임\1945shoot.c(173,13): warning C4566: 유니버설 문자 이름 '\u2744'(으)로 표현되는 문자는 현재 코드 페이지(949)에서 표현할 수 없습니다.
C:\Users\zaqxs\source\repos\1945슈팅게임\1945슈팅게임\1945shoot.c(173,13): warning C4566: 유니버설 문자 이름 '\uFE0F'(으)로 표현되는 문자는 현재 코드 페이지(949)에서 표현할 수 없습니다.
C:\Users\zaqxs\source\repos\1945슈팅게임\1945슈팅게임\1945shoot.c(182,2): warning C4013: 'GameOver'이(가) 정의되지 않았습니다. extern은 int형을 반환하는 것으로 간주합니다.
C:\Users\zaqxs\source\repos\1945슈팅게임\1945슈팅게임\1945shoot.c(11,2): error C1075: '{': 일치하는 토큰을 찾을 수 없습니다.
C:\Users\zaqxs\source\repos\1945슈팅게임\1945슈팅게임\타이틀.c(4,15): error C2143: 구문 오류: '{'이(가) '.' 앞에 없습니다.
C:\Users\zaqxs\source\repos\1945슈팅게임\1945슈팅게임\타이틀.c(4,15): error C2059: 구문 오류: '.'
  코드를 생성하고 있습니다...
