C:\Program Files\Microsoft Visual Studio\2022\Community\MSBuild\Microsoft\VC\v170\Microsoft.CppBuild.targets(531,5): warning MSB8028: 중간 디렉터리(x64\Debug\)에 다른 프로젝트(hellowirld.vcxproj)에서 공유하는 파일이 포함되어 있습니다.  이로 인해 잘못된 정리 및 다시 빌드 동작이 수행될 수 있습니다.
  lecture7.c
C:\Users\zaqxs\OneDrive\문서\GitHub\cstudy\hellowirld\hellowirld\lecture7.c(26,5): warning C4013: 'printf'이(가) 정의되지 않았습니다. extern은 int형을 반환하는 것으로 간주합니다.
C:\Users\zaqxs\OneDrive\문서\GitHub\cstudy\hellowirld\hellowirld\lecture7.c(59,10): error C2059: 구문 오류: '숫자의 접미사가 잘못되었습니다.'
C:\Users\zaqxs\OneDrive\문서\GitHub\cstudy\hellowirld\hellowirld\lecture7.c(59,10): error C2143: 구문 오류: ';'이(가) '상수' 앞에 없습니다.
C:\Users\zaqxs\OneDrive\문서\GitHub\cstudy\hellowirld\hellowirld\lecture7.c(59,10): warning C4091: ' ': 변수를 선언하지 않으면 'char' 왼쪽은 무시됩니다.
C:\Users\zaqxs\OneDrive\문서\GitHub\cstudy\hellowirld\hellowirld\lecture7.c(59,15): error C2059: 구문 오류: '숫자의 접미사가 잘못되었습니다.'
C:\Users\zaqxs\OneDrive\문서\GitHub\cstudy\hellowirld\hellowirld\lecture7.c(59,20): error C2059: 구문 오류: '숫자의 접미사가 잘못되었습니다.'
C:\Users\zaqxs\OneDrive\문서\GitHub\cstudy\hellowirld\hellowirld\lecture7.c(60,5): error C2059: 구문 오류: '숫자의 접미사가 잘못되었습니다.'
C:\Users\zaqxs\OneDrive\문서\GitHub\cstudy\hellowirld\hellowirld\lecture7.c(60,5): error C2106: '=': 왼쪽 피연산자는 l-value이어야 합니다.
C:\Users\zaqxs\OneDrive\문서\GitHub\cstudy\hellowirld\hellowirld\lecture7.c(61,5): error C2059: 구문 오류: '숫자의 접미사가 잘못되었습니다.'
C:\Users\zaqxs\OneDrive\문서\GitHub\cstudy\hellowirld\hellowirld\lecture7.c(61,5): error C2106: '=': 왼쪽 피연산자는 l-value이어야 합니다.
C:\Users\zaqxs\OneDrive\문서\GitHub\cstudy\hellowirld\hellowirld\lecture7.c(62,9): error C2065: 'c': 선언되지 않은 식별자입니다.
C:\Users\zaqxs\OneDrive\문서\GitHub\cstudy\hellowirld\hellowirld\lecture7.c(62,13): error C2059: 구문 오류: '숫자의 접미사가 잘못되었습니다.'
C:\Users\zaqxs\OneDrive\문서\GitHub\cstudy\hellowirld\hellowirld\lecture7.c(62,19): error C2059: 구문 오류: '숫자의 접미사가 잘못되었습니다.'
C:\Users\zaqxs\OneDrive\문서\GitHub\cstudy\hellowirld\hellowirld\lecture7.c(62,7): error C2106: '=': 왼쪽 피연산자는 l-value이어야 합니다.
C:\Users\zaqxs\OneDrive\문서\GitHub\cstudy\hellowirld\hellowirld\lecture7.c(64,54): error C2059: 구문 오류: '숫자의 접미사가 잘못되었습니다.'
  lecture8.c
C:\Users\zaqxs\OneDrive\문서\GitHub\cstudy\hellowirld\hellowirld\lecture8.c(37,12): warning C4305: '+=': 'double'에서 'float'(으)로 잘립니다.
  main.c
  코드를 생성하고 있습니다...
